2024-08-26 21:20:56,310 - logger - INFO - Starting WebDriver on mode headless=True
2024-08-26 21:20:58,796 - logger - INFO - Navigating to: https://www.aljazeera.com
2024-08-26 21:21:06,285 - logger - INFO - Bringing all results on page by clicking on 'show more' button
2024-08-26 21:21:06,846 - logger - INFO - Bringing all results on page by clicking on 'show more' button
2024-08-26 21:21:07,398 - logger - INFO - Bringing all results on page by clicking on 'show more' button
2024-08-26 21:21:07,947 - logger - INFO - Bringing all results on page by clicking on 'show more' button
2024-08-26 21:21:08,496 - logger - INFO - Bringing all results on page by clicking on 'show more' button
2024-08-26 21:21:09,037 - logger - INFO - Bringing all results on page by clicking on 'show more' button
2024-08-26 21:21:09,575 - logger - INFO - Bringing all results on page by clicking on 'show more' button
2024-08-26 21:21:10,117 - logger - INFO - Bringing all results on page by clicking on 'show more' button
2024-08-26 21:21:10,662 - logger - INFO - Bringing all results on page by clicking on 'show more' button
2024-08-26 21:21:11,207 - logger - INFO - Bringing all results on page by clicking on 'show more' button
2024-08-26 21:21:21,654 - logger - INFO - All results loaded on page, terminating loop
2024-08-26 21:21:21,656 - logger - INFO - Started scraping
2024-08-26 21:21:21,682 - logger - INFO - News found, collecting data...
2024-08-26 21:21:21,747 - logger - INFO - Value error on creation_date for register number 1, possible relative date
2024-08-26 21:21:21,755 - logger - INFO - "Last update" field not found for result number 1
2024-08-26 21:21:21,755 - logger - INFO - Collecting infos on filtered results
2024-08-26 21:21:21,755 - logger - INFO - Collecting images from filtered results (current result 1)
2024-08-26 21:21:21,912 - logger - INFO - Value error on creation_date for register number 2, possible relative date
2024-08-26 21:21:21,926 - logger - INFO - Collecting infos on filtered results
2024-08-26 21:21:21,927 - logger - INFO - Collecting images from filtered results (current result 2)
2024-08-26 21:21:22,092 - logger - INFO - Collecting infos on filtered results
2024-08-26 21:21:22,093 - logger - INFO - Collecting images from filtered results (current result 3)
2024-08-26 21:21:22,261 - logger - INFO - Collecting infos on filtered results
2024-08-26 21:21:22,261 - logger - INFO - Collecting images from filtered results (current result 4)
2024-08-26 21:21:22,455 - logger - INFO - Collecting infos on filtered results
2024-08-26 21:21:22,455 - logger - INFO - Collecting images from filtered results (current result 5)
2024-08-26 21:21:24,586 - logger - INFO - "Last update" field not found for result number 44
2024-08-26 21:21:27,618 - logger - INFO - Data collected, validating payload...
2024-08-26 21:21:27,618 - logger - INFO - Payload validated, exporting to sheet format
2024-08-26 21:21:27,742 - logger - INFO - File exported to "output/" with name <attribute 'month' of 'datetime.date' objects>_<attribute 'day' of 'datetime.date' objects>_<attribute 'year' of 'datetime.date' objects>__<attribute 'hour' of 'datetime.datetime' objects>_<attribute 'minute' of 'datetime.datetime' objects>_news_data.xlsx
2024-08-26 21:25:20,051 - logger - INFO - Starting WebDriver on mode headless=True
2024-08-26 21:25:22,351 - logger - INFO - Navigating to: https://www.aljazeera.com
2024-08-26 21:25:52,849 - logger - WARNING - Got any response, retrying. Max tries=3, current try=1 
2024-08-26 21:25:53,135 - logger - INFO - Navigating to: https://www.aljazeera.com
2024-08-26 21:25:59,235 - logger - INFO - Bringing all results on page by clicking on 'show more' button
2024-08-26 21:26:00,314 - logger - INFO - Bringing all results on page by clicking on 'show more' button
2024-08-26 21:26:01,898 - logger - INFO - Bringing all results on page by clicking on 'show more' button
2024-08-26 21:26:03,500 - logger - INFO - Bringing all results on page by clicking on 'show more' button
2024-08-26 21:26:05,079 - logger - INFO - Bringing all results on page by clicking on 'show more' button
2024-08-26 21:26:06,664 - logger - INFO - Bringing all results on page by clicking on 'show more' button
2024-08-26 21:26:08,340 - logger - INFO - Bringing all results on page by clicking on 'show more' button
2024-08-26 21:26:09,952 - logger - INFO - Bringing all results on page by clicking on 'show more' button
2024-08-26 21:26:11,046 - logger - INFO - Bringing all results on page by clicking on 'show more' button
2024-08-26 21:26:12,629 - logger - INFO - Bringing all results on page by clicking on 'show more' button
2024-08-26 21:26:22,930 - logger - INFO - All results loaded on page, terminating loop
2024-08-26 21:26:22,931 - logger - INFO - Started scraping
2024-08-26 21:26:22,951 - logger - INFO - News found, collecting data...
2024-08-26 21:26:23,003 - logger - INFO - Value error on creation_date for register number 1, possible relative date
2024-08-26 21:26:23,009 - logger - INFO - "Last update" field not found for result number 1
2024-08-26 21:26:23,009 - logger - INFO - Collecting infos on filtered results
2024-08-26 21:26:23,010 - logger - INFO - Collecting images from filtered results (current result 1)
2024-08-26 21:26:23,164 - logger - INFO - Value error on creation_date for register number 2, possible relative date
2024-08-26 21:26:23,174 - logger - INFO - Collecting infos on filtered results
2024-08-26 21:26:23,175 - logger - INFO - Collecting images from filtered results (current result 2)
2024-08-26 21:26:23,342 - logger - INFO - Collecting infos on filtered results
2024-08-26 21:26:23,342 - logger - INFO - Collecting images from filtered results (current result 3)
2024-08-26 21:26:23,487 - logger - INFO - Collecting infos on filtered results
2024-08-26 21:26:23,487 - logger - INFO - Collecting images from filtered results (current result 4)
2024-08-26 21:26:23,633 - logger - INFO - Collecting infos on filtered results
2024-08-26 21:26:23,633 - logger - INFO - Collecting images from filtered results (current result 5)
2024-08-26 21:26:25,342 - logger - INFO - "Last update" field not found for result number 44
2024-08-26 21:26:25,602 - logger - INFO - No description found for result number 51
2024-08-26 21:26:25,609 - logger - INFO - "Last update" field not found for result number 51
2024-08-26 21:26:25,619 - logger - ERROR - Error collecting data for register number 52: HTTPConnectionPool(host='localhost', port=57385): Max retries exceeded with url: /session/997234964015c1688560ee02498c3e30/element/f.E28BFF0F27E4A7797B50187606B9F487.d.BBC41033FBD2FD9EA59EED2180E4C28D.e.229/element (Caused by NewConnectionError('<urllib3.connection.HTTPConnection object at 0x10488d8e0>: Failed to establish a new connection: [Errno 61] Connection refused'))
2024-08-26 21:26:25,624 - logger - ERROR - Error collecting data for register number 53: HTTPConnectionPool(host='localhost', port=57385): Max retries exceeded with url: /session/997234964015c1688560ee02498c3e30/element/f.E28BFF0F27E4A7797B50187606B9F487.d.BBC41033FBD2FD9EA59EED2180E4C28D.e.230/element (Caused by NewConnectionError('<urllib3.connection.HTTPConnection object at 0x1048ad070>: Failed to establish a new connection: [Errno 61] Connection refused'))
2024-08-26 21:26:25,627 - logger - ERROR - Error collecting data for register number 54: HTTPConnectionPool(host='localhost', port=57385): Max retries exceeded with url: /session/997234964015c1688560ee02498c3e30/element/f.E28BFF0F27E4A7797B50187606B9F487.d.BBC41033FBD2FD9EA59EED2180E4C28D.e.231/element (Caused by NewConnectionError('<urllib3.connection.HTTPConnection object at 0x10488dca0>: Failed to establish a new connection: [Errno 61] Connection refused'))
2024-08-26 21:26:25,630 - logger - ERROR - Error collecting data for register number 55: HTTPConnectionPool(host='localhost', port=57385): Max retries exceeded with url: /session/997234964015c1688560ee02498c3e30/element/f.E28BFF0F27E4A7797B50187606B9F487.d.BBC41033FBD2FD9EA59EED2180E4C28D.e.232/element (Caused by NewConnectionError('<urllib3.connection.HTTPConnection object at 0x10488d0d0>: Failed to establish a new connection: [Errno 61] Connection refused'))
2024-08-26 21:26:25,632 - logger - ERROR - Error collecting data for register number 56: HTTPConnectionPool(host='localhost', port=57385): Max retries exceeded with url: /session/997234964015c1688560ee02498c3e30/element/f.E28BFF0F27E4A7797B50187606B9F487.d.BBC41033FBD2FD9EA59EED2180E4C28D.e.233/element (Caused by NewConnectionError('<urllib3.connection.HTTPConnection object at 0x104875f40>: Failed to establish a new connection: [Errno 61] Connection refused'))
2024-08-26 21:26:25,634 - logger - ERROR - Error collecting data for register number 57: HTTPConnectionPool(host='localhost', port=57385): Max retries exceeded with url: /session/997234964015c1688560ee02498c3e30/element/f.E28BFF0F27E4A7797B50187606B9F487.d.BBC41033FBD2FD9EA59EED2180E4C28D.e.234/element (Caused by NewConnectionError('<urllib3.connection.HTTPConnection object at 0x1048ad910>: Failed to establish a new connection: [Errno 61] Connection refused'))
2024-08-26 21:26:25,635 - logger - ERROR - Error collecting data for register number 58: HTTPConnectionPool(host='localhost', port=57385): Max retries exceeded with url: /session/997234964015c1688560ee02498c3e30/element/f.E28BFF0F27E4A7797B50187606B9F487.d.BBC41033FBD2FD9EA59EED2180E4C28D.e.235/element (Caused by NewConnectionError('<urllib3.connection.HTTPConnection object at 0x1048754c0>: Failed to establish a new connection: [Errno 61] Connection refused'))
2024-08-26 21:26:25,637 - logger - ERROR - Error collecting data for register number 59: HTTPConnectionPool(host='localhost', port=57385): Max retries exceeded with url: /session/997234964015c1688560ee02498c3e30/element/f.E28BFF0F27E4A7797B50187606B9F487.d.BBC41033FBD2FD9EA59EED2180E4C28D.e.236/element (Caused by NewConnectionError('<urllib3.connection.HTTPConnection object at 0x10488d5e0>: Failed to establish a new connection: [Errno 61] Connection refused'))
2024-08-26 21:26:25,639 - logger - ERROR - Error collecting data for register number 60: HTTPConnectionPool(host='localhost', port=57385): Max retries exceeded with url: /session/997234964015c1688560ee02498c3e30/element/f.E28BFF0F27E4A7797B50187606B9F487.d.BBC41033FBD2FD9EA59EED2180E4C28D.e.237/element (Caused by NewConnectionError('<urllib3.connection.HTTPConnection object at 0x10488dac0>: Failed to establish a new connection: [Errno 61] Connection refused'))
2024-08-26 21:26:25,641 - logger - ERROR - Error collecting data for register number 61: HTTPConnectionPool(host='localhost', port=57385): Max retries exceeded with url: /session/997234964015c1688560ee02498c3e30/element/f.E28BFF0F27E4A7797B50187606B9F487.d.BBC41033FBD2FD9EA59EED2180E4C28D.e.238/element (Caused by NewConnectionError('<urllib3.connection.HTTPConnection object at 0x1048ad730>: Failed to establish a new connection: [Errno 61] Connection refused'))
2024-08-26 21:26:25,643 - logger - ERROR - Error collecting data for register number 62: HTTPConnectionPool(host='localhost', port=57385): Max retries exceeded with url: /session/997234964015c1688560ee02498c3e30/element/f.E28BFF0F27E4A7797B50187606B9F487.d.BBC41033FBD2FD9EA59EED2180E4C28D.e.239/element (Caused by NewConnectionError('<urllib3.connection.HTTPConnection object at 0x1048bd490>: Failed to establish a new connection: [Errno 61] Connection refused'))
2024-08-26 21:26:25,644 - logger - ERROR - Error collecting data for register number 63: HTTPConnectionPool(host='localhost', port=57385): Max retries exceeded with url: /session/997234964015c1688560ee02498c3e30/element/f.E28BFF0F27E4A7797B50187606B9F487.d.BBC41033FBD2FD9EA59EED2180E4C28D.e.240/element (Caused by NewConnectionError('<urllib3.connection.HTTPConnection object at 0x10488dfa0>: Failed to establish a new connection: [Errno 61] Connection refused'))
2024-08-26 21:26:25,651 - logger - ERROR - Error collecting data for register number 64: HTTPConnectionPool(host='localhost', port=57385): Max retries exceeded with url: /session/997234964015c1688560ee02498c3e30/element/f.E28BFF0F27E4A7797B50187606B9F487.d.BBC41033FBD2FD9EA59EED2180E4C28D.e.241/element (Caused by NewConnectionError('<urllib3.connection.HTTPConnection object at 0x10488d7f0>: Failed to establish a new connection: [Errno 61] Connection refused'))
2024-08-26 21:26:25,654 - logger - ERROR - Error collecting data for register number 65: HTTPConnectionPool(host='localhost', port=57385): Max retries exceeded with url: /session/997234964015c1688560ee02498c3e30/element/f.E28BFF0F27E4A7797B50187606B9F487.d.BBC41033FBD2FD9EA59EED2180E4C28D.e.242/element (Caused by NewConnectionError('<urllib3.connection.HTTPConnection object at 0x104875f10>: Failed to establish a new connection: [Errno 61] Connection refused'))
2024-08-26 21:26:25,656 - logger - ERROR - Error collecting data for register number 66: HTTPConnectionPool(host='localhost', port=57385): Max retries exceeded with url: /session/997234964015c1688560ee02498c3e30/element/f.E28BFF0F27E4A7797B50187606B9F487.d.BBC41033FBD2FD9EA59EED2180E4C28D.e.243/element (Caused by NewConnectionError('<urllib3.connection.HTTPConnection object at 0x1048bd940>: Failed to establish a new connection: [Errno 61] Connection refused'))
2024-08-26 21:26:25,658 - logger - ERROR - Error collecting data for register number 67: HTTPConnectionPool(host='localhost', port=57385): Max retries exceeded with url: /session/997234964015c1688560ee02498c3e30/element/f.E28BFF0F27E4A7797B50187606B9F487.d.BBC41033FBD2FD9EA59EED2180E4C28D.e.244/element (Caused by NewConnectionError('<urllib3.connection.HTTPConnection object at 0x1047f4370>: Failed to establish a new connection: [Errno 61] Connection refused'))
2024-08-26 21:26:25,660 - logger - ERROR - Error collecting data for register number 68: HTTPConnectionPool(host='localhost', port=57385): Max retries exceeded with url: /session/997234964015c1688560ee02498c3e30/element/f.E28BFF0F27E4A7797B50187606B9F487.d.BBC41033FBD2FD9EA59EED2180E4C28D.e.245/element (Caused by NewConnectionError('<urllib3.connection.HTTPConnection object at 0x10488d970>: Failed to establish a new connection: [Errno 61] Connection refused'))
2024-08-26 21:26:25,661 - logger - ERROR - Error collecting data for register number 69: HTTPConnectionPool(host='localhost', port=57385): Max retries exceeded with url: /session/997234964015c1688560ee02498c3e30/element/f.E28BFF0F27E4A7797B50187606B9F487.d.BBC41033FBD2FD9EA59EED2180E4C28D.e.246/element (Caused by NewConnectionError('<urllib3.connection.HTTPConnection object at 0x10488ddf0>: Failed to establish a new connection: [Errno 61] Connection refused'))
2024-08-26 21:26:25,663 - logger - ERROR - Error collecting data for register number 70: HTTPConnectionPool(host='localhost', port=57385): Max retries exceeded with url: /session/997234964015c1688560ee02498c3e30/element/f.E28BFF0F27E4A7797B50187606B9F487.d.BBC41033FBD2FD9EA59EED2180E4C28D.e.247/element (Caused by NewConnectionError('<urllib3.connection.HTTPConnection object at 0x1048bd9a0>: Failed to establish a new connection: [Errno 61] Connection refused'))
2024-08-26 21:26:25,665 - logger - ERROR - Error collecting data for register number 71: HTTPConnectionPool(host='localhost', port=57385): Max retries exceeded with url: /session/997234964015c1688560ee02498c3e30/element/f.E28BFF0F27E4A7797B50187606B9F487.d.BBC41033FBD2FD9EA59EED2180E4C28D.e.248/element (Caused by NewConnectionError('<urllib3.connection.HTTPConnection object at 0x1048ad610>: Failed to establish a new connection: [Errno 61] Connection refused'))
2024-08-26 21:26:25,667 - logger - ERROR - Error collecting data for register number 72: HTTPConnectionPool(host='localhost', port=57385): Max retries exceeded with url: /session/997234964015c1688560ee02498c3e30/element/f.E28BFF0F27E4A7797B50187606B9F487.d.BBC41033FBD2FD9EA59EED2180E4C28D.e.249/element (Caused by NewConnectionError('<urllib3.connection.HTTPConnection object at 0x10488dc10>: Failed to establish a new connection: [Errno 61] Connection refused'))
2024-08-26 21:26:25,668 - logger - ERROR - Error collecting data for register number 73: HTTPConnectionPool(host='localhost', port=57385): Max retries exceeded with url: /session/997234964015c1688560ee02498c3e30/element/f.E28BFF0F27E4A7797B50187606B9F487.d.BBC41033FBD2FD9EA59EED2180E4C28D.e.250/element (Caused by NewConnectionError('<urllib3.connection.HTTPConnection object at 0x10488dee0>: Failed to establish a new connection: [Errno 61] Connection refused'))
2024-08-26 21:26:25,670 - logger - ERROR - Error collecting data for register number 74: HTTPConnectionPool(host='localhost', port=57385): Max retries exceeded with url: /session/997234964015c1688560ee02498c3e30/element/f.E28BFF0F27E4A7797B50187606B9F487.d.BBC41033FBD2FD9EA59EED2180E4C28D.e.251/element (Caused by NewConnectionError('<urllib3.connection.HTTPConnection object at 0x104875f10>: Failed to establish a new connection: [Errno 61] Connection refused'))
2024-08-26 21:26:25,672 - logger - ERROR - Error collecting data for register number 75: HTTPConnectionPool(host='localhost', port=57385): Max retries exceeded with url: /session/997234964015c1688560ee02498c3e30/element/f.E28BFF0F27E4A7797B50187606B9F487.d.BBC41033FBD2FD9EA59EED2180E4C28D.e.252/element (Caused by NewConnectionError('<urllib3.connection.HTTPConnection object at 0x1048cb040>: Failed to establish a new connection: [Errno 61] Connection refused'))
2024-08-26 21:26:25,674 - logger - ERROR - Error collecting data for register number 76: HTTPConnectionPool(host='localhost', port=57385): Max retries exceeded with url: /session/997234964015c1688560ee02498c3e30/element/f.E28BFF0F27E4A7797B50187606B9F487.d.BBC41033FBD2FD9EA59EED2180E4C28D.e.253/element (Caused by NewConnectionError('<urllib3.connection.HTTPConnection object at 0x1047f4370>: Failed to establish a new connection: [Errno 61] Connection refused'))
2024-08-26 21:26:25,676 - logger - ERROR - Error collecting data for register number 77: HTTPConnectionPool(host='localhost', port=57385): Max retries exceeded with url: /session/997234964015c1688560ee02498c3e30/element/f.E28BFF0F27E4A7797B50187606B9F487.d.BBC41033FBD2FD9EA59EED2180E4C28D.e.254/element (Caused by NewConnectionError('<urllib3.connection.HTTPConnection object at 0x10488d970>: Failed to establish a new connection: [Errno 61] Connection refused'))
2024-08-26 21:26:25,677 - logger - ERROR - Error collecting data for register number 78: HTTPConnectionPool(host='localhost', port=57385): Max retries exceeded with url: /session/997234964015c1688560ee02498c3e30/element/f.E28BFF0F27E4A7797B50187606B9F487.d.BBC41033FBD2FD9EA59EED2180E4C28D.e.255/element (Caused by NewConnectionError('<urllib3.connection.HTTPConnection object at 0x10488de80>: Failed to establish a new connection: [Errno 61] Connection refused'))
2024-08-26 21:26:25,679 - logger - ERROR - Error collecting data for register number 79: HTTPConnectionPool(host='localhost', port=57385): Max retries exceeded with url: /session/997234964015c1688560ee02498c3e30/element/f.E28BFF0F27E4A7797B50187606B9F487.d.BBC41033FBD2FD9EA59EED2180E4C28D.e.256/element (Caused by NewConnectionError('<urllib3.connection.HTTPConnection object at 0x1048ad700>: Failed to establish a new connection: [Errno 61] Connection refused'))
2024-08-26 21:26:25,681 - logger - ERROR - Error collecting data for register number 80: HTTPConnectionPool(host='localhost', port=57385): Max retries exceeded with url: /session/997234964015c1688560ee02498c3e30/element/f.E28BFF0F27E4A7797B50187606B9F487.d.BBC41033FBD2FD9EA59EED2180E4C28D.e.257/element (Caused by NewConnectionError('<urllib3.connection.HTTPConnection object at 0x1048ad7c0>: Failed to establish a new connection: [Errno 61] Connection refused'))
2024-08-26 21:26:25,683 - logger - ERROR - Error collecting data for register number 81: HTTPConnectionPool(host='localhost', port=57385): Max retries exceeded with url: /session/997234964015c1688560ee02498c3e30/element/f.E28BFF0F27E4A7797B50187606B9F487.d.BBC41033FBD2FD9EA59EED2180E4C28D.e.258/element (Caused by NewConnectionError('<urllib3.connection.HTTPConnection object at 0x10488d340>: Failed to establish a new connection: [Errno 61] Connection refused'))
2024-08-26 21:26:25,685 - logger - ERROR - Error collecting data for register number 82: HTTPConnectionPool(host='localhost', port=57385): Max retries exceeded with url: /session/997234964015c1688560ee02498c3e30/element/f.E28BFF0F27E4A7797B50187606B9F487.d.BBC41033FBD2FD9EA59EED2180E4C28D.e.259/element (Caused by NewConnectionError('<urllib3.connection.HTTPConnection object at 0x10488db20>: Failed to establish a new connection: [Errno 61] Connection refused'))
2024-08-26 21:26:25,687 - logger - ERROR - Error collecting data for register number 83: HTTPConnectionPool(host='localhost', port=57385): Max retries exceeded with url: /session/997234964015c1688560ee02498c3e30/element/f.E28BFF0F27E4A7797B50187606B9F487.d.BBC41033FBD2FD9EA59EED2180E4C28D.e.260/element (Caused by NewConnectionError('<urllib3.connection.HTTPConnection object at 0x10488d5e0>: Failed to establish a new connection: [Errno 61] Connection refused'))
2024-08-26 21:26:25,689 - logger - ERROR - Error collecting data for register number 84: HTTPConnectionPool(host='localhost', port=57385): Max retries exceeded with url: /session/997234964015c1688560ee02498c3e30/element/f.E28BFF0F27E4A7797B50187606B9F487.d.BBC41033FBD2FD9EA59EED2180E4C28D.e.261/element (Caused by NewConnectionError('<urllib3.connection.HTTPConnection object at 0x1048cb4f0>: Failed to establish a new connection: [Errno 61] Connection refused'))
2024-08-26 21:26:25,691 - logger - ERROR - Error collecting data for register number 85: HTTPConnectionPool(host='localhost', port=57385): Max retries exceeded with url: /session/997234964015c1688560ee02498c3e30/element/f.E28BFF0F27E4A7797B50187606B9F487.d.BBC41033FBD2FD9EA59EED2180E4C28D.e.262/element (Caused by NewConnectionError('<urllib3.connection.HTTPConnection object at 0x10488d760>: Failed to establish a new connection: [Errno 61] Connection refused'))
2024-08-26 21:26:25,692 - logger - ERROR - Error collecting data for register number 86: HTTPConnectionPool(host='localhost', port=57385): Max retries exceeded with url: /session/997234964015c1688560ee02498c3e30/element/f.E28BFF0F27E4A7797B50187606B9F487.d.BBC41033FBD2FD9EA59EED2180E4C28D.e.263/element (Caused by NewConnectionError('<urllib3.connection.HTTPConnection object at 0x10488de20>: Failed to establish a new connection: [Errno 61] Connection refused'))
2024-08-26 21:26:25,694 - logger - ERROR - Error collecting data for register number 87: HTTPConnectionPool(host='localhost', port=57385): Max retries exceeded with url: /session/997234964015c1688560ee02498c3e30/element/f.E28BFF0F27E4A7797B50187606B9F487.d.BBC41033FBD2FD9EA59EED2180E4C28D.e.264/element (Caused by NewConnectionError('<urllib3.connection.HTTPConnection object at 0x10488da30>: Failed to establish a new connection: [Errno 61] Connection refused'))
2024-08-26 21:26:25,696 - logger - ERROR - Error collecting data for register number 88: HTTPConnectionPool(host='localhost', port=57385): Max retries exceeded with url: /session/997234964015c1688560ee02498c3e30/element/f.E28BFF0F27E4A7797B50187606B9F487.d.BBC41033FBD2FD9EA59EED2180E4C28D.e.265/element (Caused by NewConnectionError('<urllib3.connection.HTTPConnection object at 0x1048ad0a0>: Failed to establish a new connection: [Errno 61] Connection refused'))
2024-08-26 21:26:25,697 - logger - ERROR - Error collecting data for register number 89: HTTPConnectionPool(host='localhost', port=57385): Max retries exceeded with url: /session/997234964015c1688560ee02498c3e30/element/f.E28BFF0F27E4A7797B50187606B9F487.d.BBC41033FBD2FD9EA59EED2180E4C28D.e.266/element (Caused by NewConnectionError('<urllib3.connection.HTTPConnection object at 0x1048ada90>: Failed to establish a new connection: [Errno 61] Connection refused'))
2024-08-26 21:26:25,699 - logger - ERROR - Error collecting data for register number 90: HTTPConnectionPool(host='localhost', port=57385): Max retries exceeded with url: /session/997234964015c1688560ee02498c3e30/element/f.E28BFF0F27E4A7797B50187606B9F487.d.BBC41033FBD2FD9EA59EED2180E4C28D.e.267/element (Caused by NewConnectionError('<urllib3.connection.HTTPConnection object at 0x10488dd60>: Failed to establish a new connection: [Errno 61] Connection refused'))
2024-08-26 21:26:25,700 - logger - ERROR - Error collecting data for register number 91: HTTPConnectionPool(host='localhost', port=57385): Max retries exceeded with url: /session/997234964015c1688560ee02498c3e30/element/f.E28BFF0F27E4A7797B50187606B9F487.d.BBC41033FBD2FD9EA59EED2180E4C28D.e.268/element (Caused by NewConnectionError('<urllib3.connection.HTTPConnection object at 0x10488d880>: Failed to establish a new connection: [Errno 61] Connection refused'))
2024-08-26 21:26:25,701 - logger - ERROR - Error collecting data for register number 92: HTTPConnectionPool(host='localhost', port=57385): Max retries exceeded with url: /session/997234964015c1688560ee02498c3e30/element/f.E28BFF0F27E4A7797B50187606B9F487.d.BBC41033FBD2FD9EA59EED2180E4C28D.e.269/element (Caused by NewConnectionError('<urllib3.connection.HTTPConnection object at 0x104875610>: Failed to establish a new connection: [Errno 61] Connection refused'))
2024-08-26 21:26:25,703 - logger - ERROR - Error collecting data for register number 93: HTTPConnectionPool(host='localhost', port=57385): Max retries exceeded with url: /session/997234964015c1688560ee02498c3e30/element/f.E28BFF0F27E4A7797B50187606B9F487.d.BBC41033FBD2FD9EA59EED2180E4C28D.e.270/element (Caused by NewConnectionError('<urllib3.connection.HTTPConnection object at 0x1048cbbb0>: Failed to establish a new connection: [Errno 61] Connection refused'))
2024-08-26 21:26:25,704 - logger - ERROR - Error collecting data for register number 94: HTTPConnectionPool(host='localhost', port=57385): Max retries exceeded with url: /session/997234964015c1688560ee02498c3e30/element/f.E28BFF0F27E4A7797B50187606B9F487.d.BBC41033FBD2FD9EA59EED2180E4C28D.e.271/element (Caused by NewConnectionError('<urllib3.connection.HTTPConnection object at 0x1047f4370>: Failed to establish a new connection: [Errno 61] Connection refused'))
2024-08-26 21:26:25,706 - logger - ERROR - Error collecting data for register number 95: HTTPConnectionPool(host='localhost', port=57385): Max retries exceeded with url: /session/997234964015c1688560ee02498c3e30/element/f.E28BFF0F27E4A7797B50187606B9F487.d.BBC41033FBD2FD9EA59EED2180E4C28D.e.272/element (Caused by NewConnectionError('<urllib3.connection.HTTPConnection object at 0x10488d670>: Failed to establish a new connection: [Errno 61] Connection refused'))
2024-08-26 21:26:25,707 - logger - ERROR - Error collecting data for register number 96: HTTPConnectionPool(host='localhost', port=57385): Max retries exceeded with url: /session/997234964015c1688560ee02498c3e30/element/f.E28BFF0F27E4A7797B50187606B9F487.d.BBC41033FBD2FD9EA59EED2180E4C28D.e.273/element (Caused by NewConnectionError('<urllib3.connection.HTTPConnection object at 0x10488d580>: Failed to establish a new connection: [Errno 61] Connection refused'))
2024-08-26 21:26:25,709 - logger - ERROR - Error collecting data for register number 97: HTTPConnectionPool(host='localhost', port=57385): Max retries exceeded with url: /session/997234964015c1688560ee02498c3e30/element/f.E28BFF0F27E4A7797B50187606B9F487.d.BBC41033FBD2FD9EA59EED2180E4C28D.e.274/element (Caused by NewConnectionError('<urllib3.connection.HTTPConnection object at 0x1048ada90>: Failed to establish a new connection: [Errno 61] Connection refused'))
2024-08-26 21:26:25,711 - logger - ERROR - Error collecting data for register number 98: HTTPConnectionPool(host='localhost', port=57385): Max retries exceeded with url: /session/997234964015c1688560ee02498c3e30/element/f.E28BFF0F27E4A7797B50187606B9F487.d.BBC41033FBD2FD9EA59EED2180E4C28D.e.275/element (Caused by NewConnectionError('<urllib3.connection.HTTPConnection object at 0x1048bd8e0>: Failed to establish a new connection: [Errno 61] Connection refused'))
2024-08-26 21:26:25,712 - logger - ERROR - Error collecting data for register number 99: HTTPConnectionPool(host='localhost', port=57385): Max retries exceeded with url: /session/997234964015c1688560ee02498c3e30/element/f.E28BFF0F27E4A7797B50187606B9F487.d.BBC41033FBD2FD9EA59EED2180E4C28D.e.276/element (Caused by NewConnectionError('<urllib3.connection.HTTPConnection object at 0x1048bd4f0>: Failed to establish a new connection: [Errno 61] Connection refused'))
2024-08-26 21:26:25,713 - logger - ERROR - Error collecting data for register number 100: HTTPConnectionPool(host='localhost', port=57385): Max retries exceeded with url: /session/997234964015c1688560ee02498c3e30/element/f.E28BFF0F27E4A7797B50187606B9F487.d.BBC41033FBD2FD9EA59EED2180E4C28D.e.277/element (Caused by NewConnectionError('<urllib3.connection.HTTPConnection object at 0x104875f70>: Failed to establish a new connection: [Errno 61] Connection refused'))
2024-08-26 21:26:25,713 - logger - INFO - Data collected, validating payload...
2024-08-26 21:26:25,713 - logger - INFO - Payload validated, exporting to sheet format
2024-08-26 21:26:25,831 - logger - INFO - File exported to "output/" with name _news_data.xlsx
2024-08-26 21:26:28,420 - logger - INFO - Starting WebDriver on mode headless=True
2024-08-26 21:26:30,357 - logger - INFO - Navigating to: https://www.aljazeera.com
2024-08-26 21:27:00,746 - logger - WARNING - Got any response, retrying. Max tries=3, current try=1 
2024-08-26 21:27:01,038 - logger - INFO - Navigating to: https://www.aljazeera.com
2024-08-26 21:27:07,142 - logger - INFO - Bringing all results on page by clicking on 'show more' button
2024-08-26 21:27:07,698 - logger - INFO - Bringing all results on page by clicking on 'show more' button
2024-08-26 21:27:08,756 - logger - INFO - Bringing all results on page by clicking on 'show more' button
2024-08-26 21:27:09,820 - logger - INFO - Bringing all results on page by clicking on 'show more' button
2024-08-26 21:27:10,886 - logger - INFO - Bringing all results on page by clicking on 'show more' button
2024-08-26 21:27:11,442 - logger - INFO - Bringing all results on page by clicking on 'show more' button
2024-08-26 21:27:12,496 - logger - INFO - Bringing all results on page by clicking on 'show more' button
2024-08-26 21:27:13,562 - logger - INFO - Bringing all results on page by clicking on 'show more' button
2024-08-26 21:27:14,632 - logger - INFO - Bringing all results on page by clicking on 'show more' button
2024-08-26 21:27:15,709 - logger - INFO - Bringing all results on page by clicking on 'show more' button
2024-08-26 21:27:26,073 - logger - INFO - All results loaded on page, terminating loop
2024-08-26 21:27:26,074 - logger - INFO - Started scraping
2024-08-26 21:27:26,099 - logger - INFO - News found, collecting data...
2024-08-26 21:27:26,155 - logger - INFO - Value error on creation_date for register number 1, possible relative date
2024-08-26 21:27:26,162 - logger - INFO - "Last update" field not found for result number 1
2024-08-26 21:27:26,162 - logger - INFO - Collecting infos on filtered results
2024-08-26 21:27:26,163 - logger - INFO - Collecting images from filtered results (current result 1)
2024-08-26 21:27:26,318 - logger - INFO - Value error on creation_date for register number 2, possible relative date
2024-08-26 21:27:26,329 - logger - INFO - Collecting infos on filtered results
2024-08-26 21:27:26,329 - logger - INFO - Collecting images from filtered results (current result 2)
2024-08-26 21:27:26,478 - logger - INFO - Collecting infos on filtered results
2024-08-26 21:27:26,478 - logger - INFO - Collecting images from filtered results (current result 3)
2024-08-26 21:27:26,646 - logger - INFO - Collecting infos on filtered results
2024-08-26 21:27:26,647 - logger - INFO - Collecting images from filtered results (current result 4)
2024-08-26 21:27:26,797 - logger - INFO - Collecting infos on filtered results
2024-08-26 21:27:26,797 - logger - INFO - Collecting images from filtered results (current result 5)
2024-08-26 21:27:28,357 - logger - INFO - "Last update" field not found for result number 44
2024-08-26 21:27:30,397 - logger - INFO - Data collected, validating payload...
2024-08-26 21:27:30,398 - logger - INFO - Payload validated, exporting to sheet format
2024-08-26 21:27:30,510 - logger - INFO - File exported to "output/" with name 08_26_2024-21b08m_news_data.xlsx
2024-08-26 21:30:15,362 - logger - INFO - Starting WebDriver on mode headless=True
2024-08-26 21:30:18,091 - logger - INFO - Navigating to: https://www.aljazeera.com
2024-08-26 21:35:48,911 - logger - INFO - Starting WebDriver on mode headless=True
2024-08-26 21:35:51,470 - logger - INFO - Navigating to: https://www.aljazeera.com
2024-08-26 21:37:26,651 - logger - INFO - Starting WebDriver on mode headless=True
2024-08-26 21:37:28,980 - logger - INFO - Navigating to: https://www.aljazeera.com
2024-08-26 21:44:02,727 - logger - INFO - Starting WebDriver on mode headless=True
2024-08-26 21:45:23,509 - logger - INFO - Starting WebDriver on mode headless=True
2024-08-26 22:30:35,559 - logger - INFO - Starting WebDriver on mode headless=True
2024-08-26 22:30:38,216 - logger - INFO - Navigating to: https://www.aljazeera.com
2024-08-26 22:31:08,633 - logger - WARNING - Got any response, retrying. Max tries=3, current try=1 
2024-08-26 22:31:08,918 - logger - INFO - Navigating to: https://www.aljazeera.com
2024-08-26 22:31:23,194 - logger - INFO - Bringing all results on page by clicking on 'show more' button
2024-08-26 22:31:24,249 - logger - INFO - Bringing all results on page by clicking on 'show more' button
2024-08-26 22:31:25,828 - logger - INFO - Bringing all results on page by clicking on 'show more' button
2024-08-26 22:31:27,407 - logger - INFO - Bringing all results on page by clicking on 'show more' button
2024-08-26 22:31:28,976 - logger - INFO - Bringing all results on page by clicking on 'show more' button
2024-08-26 22:31:30,548 - logger - INFO - Bringing all results on page by clicking on 'show more' button
2024-08-26 22:31:32,150 - logger - INFO - Bringing all results on page by clicking on 'show more' button
2024-08-26 22:31:33,750 - logger - INFO - Bringing all results on page by clicking on 'show more' button
2024-08-26 22:31:35,333 - logger - INFO - Bringing all results on page by clicking on 'show more' button
2024-08-26 22:31:36,912 - logger - INFO - Bringing all results on page by clicking on 'show more' button
2024-08-26 22:31:47,252 - logger - INFO - All results loaded on page, terminating loop
2024-08-26 22:31:47,254 - logger - INFO - Started scraping
2024-08-26 22:31:47,278 - logger - INFO - News found, collecting data...
2024-08-26 22:31:47,335 - logger - INFO - Value error on creation_date for register number 1, possible relative date
2024-08-26 22:31:47,342 - logger - INFO - "Last update" field not found for result number 1
2024-08-26 22:31:47,342 - logger - INFO - Collecting infos on filtered results
2024-08-26 22:31:47,342 - logger - INFO - Collecting images from filtered results (current result 1)
2024-08-26 22:31:47,495 - logger - INFO - Value error on creation_date for register number 2, possible relative date
2024-08-26 22:31:47,501 - logger - INFO - "Last update" field not found for result number 2
2024-08-26 22:31:47,501 - logger - INFO - Collecting infos on filtered results
2024-08-26 22:31:47,501 - logger - INFO - Collecting images from filtered results (current result 2)
2024-08-26 22:31:47,648 - logger - INFO - Value error on creation_date for register number 3, possible relative date
2024-08-26 22:31:47,660 - logger - INFO - Collecting infos on filtered results
2024-08-26 22:31:47,660 - logger - INFO - Collecting images from filtered results (current result 3)
2024-08-26 22:31:47,805 - logger - INFO - Value error on creation_date for register number 4, possible relative date
2024-08-26 22:31:47,817 - logger - INFO - Collecting infos on filtered results
2024-08-26 22:31:47,817 - logger - INFO - Collecting images from filtered results (current result 4)
2024-08-26 22:31:47,954 - logger - INFO - Value error on creation_date for register number 5, possible relative date
2024-08-26 22:31:47,984 - logger - INFO - Collecting infos on filtered results
2024-08-26 22:31:47,984 - logger - INFO - Collecting images from filtered results (current result 5)
2024-08-26 22:31:48,123 - logger - INFO - Value error on creation_date for register number 6, possible relative date
2024-08-26 22:31:48,135 - logger - INFO - Collecting infos on filtered results
2024-08-26 22:31:48,135 - logger - INFO - Collecting images from filtered results (current result 6)
2024-08-26 22:31:48,269 - logger - INFO - Value error on creation_date for register number 7, possible relative date
2024-08-26 22:31:48,276 - logger - INFO - "Last update" field not found for result number 7
2024-08-26 22:31:48,276 - logger - INFO - Collecting infos on filtered results
2024-08-26 22:31:48,276 - logger - INFO - Collecting images from filtered results (current result 7)
2024-08-26 22:31:48,418 - logger - INFO - Value error on creation_date for register number 8, possible relative date
2024-08-26 22:31:48,429 - logger - INFO - Collecting infos on filtered results
2024-08-26 22:31:48,429 - logger - INFO - Collecting images from filtered results (current result 8)
2024-08-26 22:31:48,515 - logger - INFO - Value error on creation_date for register number 9, possible relative date
2024-08-26 22:31:48,526 - logger - INFO - Collecting infos on filtered results
2024-08-26 22:31:48,526 - logger - INFO - Collecting images from filtered results (current result 9)
2024-08-26 22:31:48,672 - logger - INFO - Value error on creation_date for register number 10, possible relative date
2024-08-26 22:31:48,678 - logger - INFO - "Last update" field not found for result number 10
2024-08-26 22:31:48,678 - logger - INFO - Collecting infos on filtered results
2024-08-26 22:31:48,679 - logger - INFO - Collecting images from filtered results (current result 10)
2024-08-26 22:31:48,808 - logger - INFO - Value error on creation_date for register number 11, possible relative date
2024-08-26 22:31:48,819 - logger - INFO - Collecting infos on filtered results
2024-08-26 22:31:48,819 - logger - INFO - Collecting images from filtered results (current result 11)
2024-08-26 22:31:48,906 - logger - INFO - Value error on creation_date for register number 12, possible relative date
2024-08-26 22:31:48,912 - logger - INFO - "Last update" field not found for result number 12
2024-08-26 22:31:48,912 - logger - INFO - Collecting infos on filtered results
2024-08-26 22:31:48,912 - logger - INFO - Collecting images from filtered results (current result 12)
2024-08-26 22:31:49,008 - logger - INFO - Value error on creation_date for register number 13, possible relative date
2024-08-26 22:31:49,019 - logger - INFO - Collecting infos on filtered results
2024-08-26 22:31:49,019 - logger - INFO - Collecting images from filtered results (current result 13)
2024-08-26 22:31:49,175 - logger - INFO - Value error on creation_date for register number 14, possible relative date
2024-08-26 22:31:49,185 - logger - INFO - Collecting infos on filtered results
2024-08-26 22:31:49,185 - logger - INFO - Collecting images from filtered results (current result 14)
2024-08-26 22:31:49,332 - logger - INFO - Value error on creation_date for register number 15, possible relative date
2024-08-26 22:31:49,343 - logger - INFO - Collecting infos on filtered results
2024-08-26 22:31:49,343 - logger - INFO - Collecting images from filtered results (current result 15)
2024-08-26 22:31:49,479 - logger - INFO - Value error on creation_date for register number 16, possible relative date
2024-08-26 22:31:49,490 - logger - INFO - Collecting infos on filtered results
2024-08-26 22:31:49,490 - logger - INFO - Collecting images from filtered results (current result 16)
2024-08-26 22:31:49,632 - logger - INFO - Value error on creation_date for register number 17, possible relative date
2024-08-26 22:31:49,643 - logger - INFO - Collecting infos on filtered results
2024-08-26 22:31:49,643 - logger - INFO - Collecting images from filtered results (current result 17)
2024-08-26 22:31:49,787 - logger - INFO - Value error on creation_date for register number 18, possible relative date
2024-08-26 22:31:49,798 - logger - INFO - Collecting infos on filtered results
2024-08-26 22:31:49,798 - logger - INFO - Collecting images from filtered results (current result 18)
2024-08-26 22:31:49,936 - logger - INFO - Value error on creation_date for register number 19, possible relative date
2024-08-26 22:31:49,948 - logger - INFO - Collecting infos on filtered results
2024-08-26 22:31:49,949 - logger - INFO - Collecting images from filtered results (current result 19)
2024-08-26 22:31:50,085 - logger - INFO - Value error on creation_date for register number 20, possible relative date
2024-08-26 22:31:50,096 - logger - INFO - Collecting infos on filtered results
2024-08-26 22:31:50,096 - logger - INFO - Collecting images from filtered results (current result 20)
2024-08-26 22:31:50,236 - logger - INFO - Value error on creation_date for register number 21, possible relative date
2024-08-26 22:31:50,247 - logger - INFO - Collecting infos on filtered results
2024-08-26 22:31:50,247 - logger - INFO - Collecting images from filtered results (current result 21)
2024-08-26 22:31:50,388 - logger - INFO - Value error on creation_date for register number 22, possible relative date
2024-08-26 22:31:50,400 - logger - INFO - Collecting infos on filtered results
2024-08-26 22:31:50,400 - logger - INFO - Collecting images from filtered results (current result 22)
2024-08-26 22:31:50,542 - logger - INFO - Value error on creation_date for register number 23, possible relative date
2024-08-26 22:31:50,554 - logger - INFO - Collecting infos on filtered results
2024-08-26 22:31:50,554 - logger - INFO - Collecting images from filtered results (current result 23)
2024-08-26 22:31:50,690 - logger - INFO - Value error on creation_date for register number 24, possible relative date
2024-08-26 22:31:50,701 - logger - INFO - Collecting infos on filtered results
2024-08-26 22:31:50,701 - logger - INFO - Collecting images from filtered results (current result 24)
2024-08-26 22:31:50,841 - logger - INFO - Value error on creation_date for register number 25, possible relative date
2024-08-26 22:31:50,854 - logger - INFO - Collecting infos on filtered results
2024-08-26 22:31:50,854 - logger - INFO - Collecting images from filtered results (current result 25)
2024-08-26 22:31:51,000 - logger - INFO - Value error on creation_date for register number 26, possible relative date
2024-08-26 22:31:51,012 - logger - INFO - Collecting infos on filtered results
2024-08-26 22:31:51,012 - logger - INFO - Collecting images from filtered results (current result 26)
2024-08-26 22:31:51,155 - logger - INFO - Value error on creation_date for register number 27, possible relative date
2024-08-26 22:31:51,167 - logger - INFO - Collecting infos on filtered results
2024-08-26 22:31:51,167 - logger - INFO - Collecting images from filtered results (current result 27)
2024-08-26 22:31:51,640 - logger - INFO - Value error on creation_date for register number 28, possible relative date
2024-08-26 22:31:51,652 - logger - INFO - Collecting infos on filtered results
2024-08-26 22:31:51,652 - logger - INFO - Collecting images from filtered results (current result 28)
2024-08-26 22:31:51,796 - logger - INFO - Value error on creation_date for register number 29, possible relative date
2024-08-26 22:31:51,808 - logger - INFO - Collecting infos on filtered results
2024-08-26 22:31:51,808 - logger - INFO - Collecting images from filtered results (current result 29)
2024-08-26 22:31:51,951 - logger - INFO - Collecting infos on filtered results
2024-08-26 22:31:51,951 - logger - INFO - Collecting images from filtered results (current result 30)
2024-08-26 22:31:52,097 - logger - INFO - Collecting infos on filtered results
2024-08-26 22:31:52,097 - logger - INFO - Collecting images from filtered results (current result 31)
2024-08-26 22:31:52,245 - logger - INFO - Collecting infos on filtered results
2024-08-26 22:31:52,245 - logger - INFO - Collecting images from filtered results (current result 32)
2024-08-26 22:31:52,392 - logger - INFO - Collecting infos on filtered results
2024-08-26 22:31:52,392 - logger - INFO - Collecting images from filtered results (current result 33)
2024-08-26 22:31:52,536 - logger - INFO - Collecting infos on filtered results
2024-08-26 22:31:52,536 - logger - INFO - Collecting images from filtered results (current result 34)
2024-08-26 22:31:52,684 - logger - INFO - Collecting infos on filtered results
2024-08-26 22:31:52,684 - logger - INFO - Collecting images from filtered results (current result 35)
2024-08-26 22:31:52,837 - logger - INFO - Collecting infos on filtered results
2024-08-26 22:31:52,837 - logger - INFO - Collecting images from filtered results (current result 36)
2024-08-26 22:31:53,048 - logger - INFO - Collecting infos on filtered results
2024-08-26 22:31:53,048 - logger - INFO - Collecting images from filtered results (current result 37)
2024-08-26 22:31:53,195 - logger - INFO - Collecting infos on filtered results
2024-08-26 22:31:53,196 - logger - INFO - Collecting images from filtered results (current result 38)
2024-08-26 22:31:53,340 - logger - INFO - Collecting infos on filtered results
2024-08-26 22:31:53,340 - logger - INFO - Collecting images from filtered results (current result 39)
2024-08-26 22:31:53,492 - logger - INFO - Collecting infos on filtered results
2024-08-26 22:31:53,492 - logger - INFO - Collecting images from filtered results (current result 40)
2024-08-26 22:31:53,642 - logger - INFO - Collecting infos on filtered results
2024-08-26 22:31:53,642 - logger - INFO - Collecting images from filtered results (current result 41)
2024-08-26 22:31:53,787 - logger - INFO - Collecting infos on filtered results
2024-08-26 22:31:53,788 - logger - INFO - Collecting images from filtered results (current result 42)
2024-08-26 22:31:53,933 - logger - INFO - Collecting infos on filtered results
2024-08-26 22:31:53,933 - logger - INFO - Collecting images from filtered results (current result 43)
2024-08-26 22:31:54,104 - logger - INFO - Collecting infos on filtered results
2024-08-26 22:31:54,104 - logger - INFO - Collecting images from filtered results (current result 44)
2024-08-26 22:31:54,242 - logger - INFO - Collecting infos on filtered results
2024-08-26 22:31:54,242 - logger - INFO - Collecting images from filtered results (current result 45)
2024-08-26 22:31:54,385 - logger - INFO - Collecting infos on filtered results
2024-08-26 22:31:54,385 - logger - INFO - Collecting images from filtered results (current result 46)
2024-08-26 22:31:54,530 - logger - INFO - Collecting infos on filtered results
2024-08-26 22:31:54,530 - logger - INFO - Collecting images from filtered results (current result 47)
2024-08-26 22:31:54,681 - logger - INFO - Collecting infos on filtered results
2024-08-26 22:31:54,681 - logger - INFO - Collecting images from filtered results (current result 48)
2024-08-26 22:31:54,832 - logger - INFO - Collecting infos on filtered results
2024-08-26 22:31:54,832 - logger - INFO - Collecting images from filtered results (current result 49)
2024-08-26 22:31:54,980 - logger - INFO - Collecting infos on filtered results
2024-08-26 22:31:54,980 - logger - INFO - Collecting images from filtered results (current result 50)
2024-08-26 22:31:55,133 - logger - INFO - Collecting infos on filtered results
2024-08-26 22:31:55,133 - logger - INFO - Collecting images from filtered results (current result 51)
2024-08-26 22:31:55,279 - logger - INFO - Collecting infos on filtered results
2024-08-26 22:31:55,279 - logger - INFO - Collecting images from filtered results (current result 52)
2024-08-26 22:31:55,425 - logger - INFO - Collecting infos on filtered results
2024-08-26 22:31:55,426 - logger - INFO - Collecting images from filtered results (current result 53)
2024-08-26 22:31:55,604 - logger - INFO - Collecting infos on filtered results
2024-08-26 22:31:55,604 - logger - INFO - Collecting images from filtered results (current result 54)
2024-08-26 22:31:55,761 - logger - INFO - Collecting infos on filtered results
2024-08-26 22:31:55,761 - logger - INFO - Collecting images from filtered results (current result 55)
2024-08-26 22:31:55,912 - logger - INFO - Collecting infos on filtered results
2024-08-26 22:31:55,912 - logger - INFO - Collecting images from filtered results (current result 56)
2024-08-26 22:31:56,053 - logger - INFO - Collecting infos on filtered results
2024-08-26 22:31:56,053 - logger - INFO - Collecting images from filtered results (current result 57)
2024-08-26 22:31:56,195 - logger - INFO - Collecting infos on filtered results
2024-08-26 22:31:56,195 - logger - INFO - Collecting images from filtered results (current result 58)
2024-08-26 22:31:56,366 - logger - INFO - Collecting infos on filtered results
2024-08-26 22:31:56,366 - logger - INFO - Collecting images from filtered results (current result 59)
2024-08-26 22:31:56,517 - logger - INFO - Collecting infos on filtered results
2024-08-26 22:31:56,517 - logger - INFO - Collecting images from filtered results (current result 60)
2024-08-26 22:31:56,680 - logger - INFO - Collecting infos on filtered results
2024-08-26 22:31:56,680 - logger - INFO - Collecting images from filtered results (current result 61)
2024-08-26 22:31:56,839 - logger - INFO - Collecting infos on filtered results
2024-08-26 22:31:56,839 - logger - INFO - Collecting images from filtered results (current result 62)
2024-08-26 22:31:56,995 - logger - INFO - Collecting infos on filtered results
2024-08-26 22:31:56,995 - logger - INFO - Collecting images from filtered results (current result 63)
2024-08-26 22:31:57,154 - logger - INFO - Collecting infos on filtered results
2024-08-26 22:31:57,154 - logger - INFO - Collecting images from filtered results (current result 64)
2024-08-26 22:31:57,299 - logger - INFO - Collecting infos on filtered results
2024-08-26 22:31:57,299 - logger - INFO - Collecting images from filtered results (current result 65)
2024-08-26 22:31:57,444 - logger - INFO - Collecting infos on filtered results
2024-08-26 22:31:57,444 - logger - INFO - Collecting images from filtered results (current result 66)
2024-08-26 22:31:57,594 - logger - INFO - Collecting infos on filtered results
2024-08-26 22:31:57,594 - logger - INFO - Collecting images from filtered results (current result 67)
2024-08-26 22:31:57,746 - logger - INFO - Collecting infos on filtered results
2024-08-26 22:31:57,746 - logger - INFO - Collecting images from filtered results (current result 68)
2024-08-26 22:31:57,889 - logger - INFO - Collecting infos on filtered results
2024-08-26 22:31:57,890 - logger - INFO - Collecting images from filtered results (current result 69)
2024-08-26 22:31:58,048 - logger - INFO - Collecting infos on filtered results
2024-08-26 22:31:58,048 - logger - INFO - Collecting images from filtered results (current result 70)
2024-08-26 22:31:58,194 - logger - INFO - Collecting infos on filtered results
2024-08-26 22:31:58,194 - logger - INFO - Collecting images from filtered results (current result 71)
2024-08-26 22:31:58,345 - logger - INFO - Collecting infos on filtered results
2024-08-26 22:31:58,345 - logger - INFO - Collecting images from filtered results (current result 72)
2024-08-26 22:31:58,501 - logger - INFO - Collecting infos on filtered results
2024-08-26 22:31:58,501 - logger - INFO - Collecting images from filtered results (current result 73)
2024-08-26 22:31:58,677 - logger - INFO - Collecting infos on filtered results
2024-08-26 22:31:58,677 - logger - INFO - Collecting images from filtered results (current result 74)
2024-08-26 22:31:58,830 - logger - INFO - Collecting infos on filtered results
2024-08-26 22:31:58,830 - logger - INFO - Collecting images from filtered results (current result 75)
2024-08-26 22:31:58,980 - logger - INFO - Collecting infos on filtered results
2024-08-26 22:31:58,980 - logger - INFO - Collecting images from filtered results (current result 76)
2024-08-26 22:31:59,160 - logger - INFO - Collecting infos on filtered results
2024-08-26 22:31:59,160 - logger - INFO - Collecting images from filtered results (current result 77)
2024-08-26 22:31:59,307 - logger - INFO - Collecting infos on filtered results
2024-08-26 22:31:59,307 - logger - INFO - Collecting images from filtered results (current result 78)
2024-08-26 22:32:00,279 - logger - INFO - Data collected, validating payload...
2024-08-26 22:32:00,280 - logger - INFO - Payload validated, exporting to sheet format
2024-08-26 22:32:00,413 - logger - INFO - File exported to "output/" with name 08_26_2024-22h08min_news_data.xlsx
2024-08-26 22:34:48,776 - logger - INFO - Starting WebDriver on mode headless=True
2024-08-26 22:34:51,392 - logger - INFO - Navigating to: https://www.aljazeera.com
2024-08-26 22:35:02,745 - logger - INFO - Bringing all results on page by clicking on 'show more' button
2024-08-26 22:35:03,297 - logger - INFO - Bringing all results on page by clicking on 'show more' button
2024-08-26 22:35:04,386 - logger - INFO - Bringing all results on page by clicking on 'show more' button
2024-08-26 22:35:05,953 - logger - INFO - Bringing all results on page by clicking on 'show more' button
2024-08-26 22:35:07,004 - logger - INFO - Bringing all results on page by clicking on 'show more' button
2024-08-26 22:35:08,063 - logger - INFO - Bringing all results on page by clicking on 'show more' button
2024-08-26 22:35:08,604 - logger - INFO - Bringing all results on page by clicking on 'show more' button
2024-08-26 22:35:09,676 - logger - INFO - Bringing all results on page by clicking on 'show more' button
2024-08-26 22:35:10,754 - logger - INFO - Bringing all results on page by clicking on 'show more' button
2024-08-26 22:35:11,827 - logger - INFO - Bringing all results on page by clicking on 'show more' button
2024-08-26 22:35:22,181 - logger - INFO - All results loaded on page, terminating loop
2024-08-26 22:35:22,182 - logger - INFO - Started scraping
2024-08-26 22:35:22,208 - logger - INFO - News found, collecting data...
2024-08-26 22:35:22,274 - logger - INFO - Value error on creation_date for register number 1, possible relative date
2024-08-26 22:35:22,282 - logger - INFO - "Last update" field not found for result number 1
2024-08-26 22:35:22,282 - logger - INFO - Collecting infos on filtered results
2024-08-26 22:35:22,282 - logger - INFO - Collecting images from filtered results (current result 1)
2024-08-26 22:35:22,452 - logger - INFO - Value error on creation_date for register number 2, possible relative date
2024-08-26 22:35:22,460 - logger - INFO - "Last update" field not found for result number 2
2024-08-26 22:35:22,460 - logger - INFO - Collecting infos on filtered results
2024-08-26 22:35:22,460 - logger - INFO - Collecting images from filtered results (current result 2)
2024-08-26 22:35:22,610 - logger - INFO - Value error on creation_date for register number 3, possible relative date
2024-08-26 22:35:22,624 - logger - INFO - Collecting infos on filtered results
2024-08-26 22:35:22,624 - logger - INFO - Collecting images from filtered results (current result 3)
2024-08-26 22:35:22,786 - logger - INFO - Value error on creation_date for register number 4, possible relative date
2024-08-26 22:35:22,800 - logger - INFO - Collecting infos on filtered results
2024-08-26 22:35:22,800 - logger - INFO - Collecting images from filtered results (current result 4)
2024-08-26 22:35:22,948 - logger - INFO - Value error on creation_date for register number 5, possible relative date
2024-08-26 22:35:22,963 - logger - INFO - Collecting infos on filtered results
2024-08-26 22:35:22,963 - logger - INFO - Collecting images from filtered results (current result 5)
2024-08-26 22:35:23,106 - logger - INFO - Value error on creation_date for register number 6, possible relative date
2024-08-26 22:35:23,120 - logger - INFO - Collecting infos on filtered results
2024-08-26 22:35:23,120 - logger - INFO - Collecting images from filtered results (current result 6)
2024-08-26 22:35:23,266 - logger - INFO - Value error on creation_date for register number 7, possible relative date
2024-08-26 22:35:23,274 - logger - INFO - "Last update" field not found for result number 7
2024-08-26 22:35:23,275 - logger - INFO - Collecting infos on filtered results
2024-08-26 22:35:23,275 - logger - INFO - Collecting images from filtered results (current result 7)
2024-08-26 22:35:23,438 - logger - INFO - Value error on creation_date for register number 8, possible relative date
2024-08-26 22:35:23,453 - logger - INFO - Collecting infos on filtered results
2024-08-26 22:35:23,453 - logger - INFO - Collecting images from filtered results (current result 8)
2024-08-26 22:35:23,567 - logger - INFO - Value error on creation_date for register number 9, possible relative date
2024-08-26 22:35:23,582 - logger - INFO - Collecting infos on filtered results
2024-08-26 22:35:23,582 - logger - INFO - Collecting images from filtered results (current result 9)
2024-08-26 22:35:23,739 - logger - INFO - Value error on creation_date for register number 10, possible relative date
2024-08-26 22:35:23,748 - logger - INFO - "Last update" field not found for result number 10
2024-08-26 22:35:23,748 - logger - INFO - Collecting infos on filtered results
2024-08-26 22:35:23,748 - logger - INFO - Collecting images from filtered results (current result 10)
2024-08-26 22:35:23,900 - logger - INFO - Value error on creation_date for register number 11, possible relative date
2024-08-26 22:35:23,915 - logger - INFO - Collecting infos on filtered results
2024-08-26 22:35:23,915 - logger - INFO - Collecting images from filtered results (current result 11)
2024-08-26 22:35:24,017 - logger - INFO - Value error on creation_date for register number 12, possible relative date
2024-08-26 22:35:24,025 - logger - INFO - "Last update" field not found for result number 12
2024-08-26 22:35:24,025 - logger - INFO - Collecting infos on filtered results
2024-08-26 22:35:24,025 - logger - INFO - Collecting images from filtered results (current result 12)
2024-08-26 22:35:24,133 - logger - INFO - Value error on creation_date for register number 13, possible relative date
2024-08-26 22:35:24,147 - logger - INFO - Collecting infos on filtered results
2024-08-26 22:35:24,147 - logger - INFO - Collecting images from filtered results (current result 13)
2024-08-26 22:35:24,301 - logger - INFO - Value error on creation_date for register number 14, possible relative date
2024-08-26 22:35:24,315 - logger - INFO - Collecting infos on filtered results
2024-08-26 22:35:24,315 - logger - INFO - Collecting images from filtered results (current result 14)
2024-08-26 22:35:24,458 - logger - INFO - Value error on creation_date for register number 15, possible relative date
2024-08-26 22:35:24,471 - logger - INFO - Collecting infos on filtered results
2024-08-26 22:35:24,471 - logger - INFO - Collecting images from filtered results (current result 15)
2024-08-26 22:35:24,618 - logger - INFO - Value error on creation_date for register number 16, possible relative date
2024-08-26 22:35:24,633 - logger - INFO - Collecting infos on filtered results
2024-08-26 22:35:24,633 - logger - INFO - Collecting images from filtered results (current result 16)
2024-08-26 22:35:24,783 - logger - INFO - Value error on creation_date for register number 17, possible relative date
2024-08-26 22:35:24,797 - logger - INFO - Collecting infos on filtered results
2024-08-26 22:35:24,797 - logger - INFO - Collecting images from filtered results (current result 17)
2024-08-26 22:35:24,973 - logger - INFO - Value error on creation_date for register number 18, possible relative date
2024-08-26 22:35:24,987 - logger - INFO - Collecting infos on filtered results
2024-08-26 22:35:24,987 - logger - INFO - Collecting images from filtered results (current result 18)
2024-08-26 22:35:25,130 - logger - INFO - Value error on creation_date for register number 19, possible relative date
2024-08-26 22:35:25,144 - logger - INFO - Collecting infos on filtered results
2024-08-26 22:35:25,144 - logger - INFO - Collecting images from filtered results (current result 19)
2024-08-26 22:35:25,292 - logger - INFO - Value error on creation_date for register number 20, possible relative date
2024-08-26 22:35:25,306 - logger - INFO - Collecting infos on filtered results
2024-08-26 22:35:25,306 - logger - INFO - Collecting images from filtered results (current result 20)
2024-08-26 22:35:25,454 - logger - INFO - Value error on creation_date for register number 21, possible relative date
2024-08-26 22:35:25,468 - logger - INFO - Collecting infos on filtered results
2024-08-26 22:35:25,468 - logger - INFO - Collecting images from filtered results (current result 21)
2024-08-26 22:35:25,617 - logger - INFO - Value error on creation_date for register number 22, possible relative date
2024-08-26 22:35:25,631 - logger - INFO - Collecting infos on filtered results
2024-08-26 22:35:25,631 - logger - INFO - Collecting images from filtered results (current result 22)
2024-08-26 22:35:25,777 - logger - INFO - Value error on creation_date for register number 23, possible relative date
2024-08-26 22:35:25,791 - logger - INFO - Collecting infos on filtered results
2024-08-26 22:35:25,792 - logger - INFO - Collecting images from filtered results (current result 23)
2024-08-26 22:35:25,939 - logger - INFO - Value error on creation_date for register number 24, possible relative date
2024-08-26 22:35:25,954 - logger - INFO - Collecting infos on filtered results
2024-08-26 22:35:25,954 - logger - INFO - Collecting images from filtered results (current result 24)
2024-08-26 22:35:26,093 - logger - INFO - Value error on creation_date for register number 25, possible relative date
2024-08-26 22:35:26,108 - logger - INFO - Collecting infos on filtered results
2024-08-26 22:35:26,108 - logger - INFO - Collecting images from filtered results (current result 25)
2024-08-26 22:35:26,251 - logger - INFO - Value error on creation_date for register number 26, possible relative date
2024-08-26 22:35:26,265 - logger - INFO - Collecting infos on filtered results
2024-08-26 22:35:26,265 - logger - INFO - Collecting images from filtered results (current result 26)
2024-08-26 22:35:26,411 - logger - INFO - Value error on creation_date for register number 27, possible relative date
2024-08-26 22:35:26,425 - logger - INFO - Collecting infos on filtered results
2024-08-26 22:35:26,425 - logger - INFO - Collecting images from filtered results (current result 27)
2024-08-26 22:35:26,572 - logger - INFO - Value error on creation_date for register number 28, possible relative date
2024-08-26 22:35:26,586 - logger - INFO - Collecting infos on filtered results
2024-08-26 22:35:26,586 - logger - INFO - Collecting images from filtered results (current result 28)
2024-08-26 22:35:26,735 - logger - INFO - Value error on creation_date for register number 29, possible relative date
2024-08-26 22:35:26,749 - logger - INFO - Collecting infos on filtered results
2024-08-26 22:35:26,749 - logger - INFO - Collecting images from filtered results (current result 29)
2024-08-26 22:35:26,932 - logger - INFO - Collecting infos on filtered results
2024-08-26 22:35:26,932 - logger - INFO - Collecting images from filtered results (current result 30)
2024-08-26 22:35:27,088 - logger - INFO - Collecting infos on filtered results
2024-08-26 22:35:27,088 - logger - INFO - Collecting images from filtered results (current result 31)
2024-08-26 22:35:27,250 - logger - INFO - Collecting infos on filtered results
2024-08-26 22:35:27,250 - logger - INFO - Collecting images from filtered results (current result 32)
2024-08-26 22:35:27,403 - logger - INFO - Collecting infos on filtered results
2024-08-26 22:35:27,403 - logger - INFO - Collecting images from filtered results (current result 33)
2024-08-26 22:35:27,570 - logger - INFO - Collecting infos on filtered results
2024-08-26 22:35:27,570 - logger - INFO - Collecting images from filtered results (current result 34)
2024-08-26 22:35:27,729 - logger - INFO - Collecting infos on filtered results
2024-08-26 22:35:27,729 - logger - INFO - Collecting images from filtered results (current result 35)
2024-08-26 22:35:27,891 - logger - INFO - Collecting infos on filtered results
2024-08-26 22:35:27,891 - logger - INFO - Collecting images from filtered results (current result 36)
2024-08-26 22:35:28,048 - logger - INFO - Collecting infos on filtered results
2024-08-26 22:35:28,048 - logger - INFO - Collecting images from filtered results (current result 37)
2024-08-26 22:35:28,213 - logger - INFO - Collecting infos on filtered results
2024-08-26 22:35:28,213 - logger - INFO - Collecting images from filtered results (current result 38)
2024-08-26 22:35:28,370 - logger - INFO - Collecting infos on filtered results
2024-08-26 22:35:28,370 - logger - INFO - Collecting images from filtered results (current result 39)
2024-08-26 22:35:28,543 - logger - INFO - Collecting infos on filtered results
2024-08-26 22:35:28,543 - logger - INFO - Collecting images from filtered results (current result 40)
2024-08-26 22:35:28,724 - logger - INFO - Collecting infos on filtered results
2024-08-26 22:35:28,724 - logger - INFO - Collecting images from filtered results (current result 41)
2024-08-26 22:35:28,914 - logger - INFO - Collecting infos on filtered results
2024-08-26 22:35:28,914 - logger - INFO - Collecting images from filtered results (current result 42)
2024-08-26 22:35:32,220 - logger - INFO - Data collected, validating payload...
2024-08-26 22:35:32,220 - logger - INFO - Payload validated, exporting to sheet format
2024-08-26 22:35:32,353 - logger - INFO - File exported to "output/" with name 08_26_2024-22h08min_news_data.xlsx
2024-08-26 22:56:24,217 - logger - INFO - Starting WebDriver on mode headless=False
2024-08-26 22:56:31,559 - logger - INFO - Navigating to: https://www.aljazeera.com
2024-08-26 22:57:01,798 - logger - WARNING - Got any response, retrying. Max tries=3, current try=1 
2024-08-26 22:57:02,091 - logger - INFO - Navigating to: https://www.aljazeera.com
2024-08-26 22:57:15,166 - logger - INFO - Bringing all results on page by clicking on 'show more' button
2024-08-26 22:57:16,217 - logger - INFO - Bringing all results on page by clicking on 'show more' button
2024-08-26 22:57:17,784 - logger - INFO - Bringing all results on page by clicking on 'show more' button
2024-08-26 22:57:19,351 - logger - INFO - Bringing all results on page by clicking on 'show more' button
2024-08-26 22:57:20,912 - logger - INFO - Bringing all results on page by clicking on 'show more' button
2024-08-26 22:57:22,991 - logger - INFO - Bringing all results on page by clicking on 'show more' button
2024-08-26 22:57:26,127 - logger - INFO - Bringing all results on page by clicking on 'show more' button
2024-08-26 22:57:28,730 - logger - INFO - Bringing all results on page by clicking on 'show more' button
2024-08-26 22:57:30,323 - logger - INFO - Bringing all results on page by clicking on 'show more' button
2024-08-26 22:57:31,880 - logger - INFO - Bringing all results on page by clicking on 'show more' button
2024-08-26 22:57:42,176 - logger - INFO - All results loaded on page, terminating loop
2024-08-26 22:57:42,177 - logger - INFO - Started scraping
2024-08-26 22:57:42,200 - logger - INFO - News found, collecting data...
2024-08-26 22:57:42,255 - logger - INFO - Value error on creation_date for register number 1, possible relative date
2024-08-26 22:57:42,262 - logger - INFO - "Last update" field not found for result number 1
2024-08-26 22:57:42,262 - logger - INFO - Collecting infos on filtered results
2024-08-26 22:57:42,262 - logger - INFO - Collecting images from filtered results (current result 1)
2024-08-26 22:57:42,436 - logger - INFO - Collecting infos on filtered results
2024-08-26 22:57:42,436 - logger - INFO - Collecting images from filtered results (current result 2)
2024-08-26 22:57:42,581 - logger - INFO - Collecting infos on filtered results
2024-08-26 22:57:42,581 - logger - INFO - Collecting images from filtered results (current result 3)
2024-08-26 22:57:42,730 - logger - INFO - Collecting infos on filtered results
2024-08-26 22:57:42,730 - logger - INFO - Collecting images from filtered results (current result 4)
2024-08-26 22:57:42,872 - logger - INFO - Collecting infos on filtered results
2024-08-26 22:57:42,872 - logger - INFO - Collecting images from filtered results (current result 5)
2024-08-26 22:57:43,009 - logger - INFO - Collecting infos on filtered results
2024-08-26 22:57:43,009 - logger - INFO - Collecting images from filtered results (current result 6)
2024-08-26 22:57:43,142 - logger - INFO - Collecting infos on filtered results
2024-08-26 22:57:43,142 - logger - INFO - Collecting images from filtered results (current result 7)
2024-08-26 22:57:43,295 - logger - INFO - Collecting infos on filtered results
2024-08-26 22:57:43,295 - logger - INFO - Collecting images from filtered results (current result 8)
2024-08-26 22:57:43,440 - logger - INFO - Collecting infos on filtered results
2024-08-26 22:57:43,440 - logger - INFO - Collecting images from filtered results (current result 9)
2024-08-26 22:57:43,585 - logger - INFO - Collecting infos on filtered results
2024-08-26 22:57:43,585 - logger - INFO - Collecting images from filtered results (current result 10)
2024-08-26 22:57:43,750 - logger - INFO - Collecting infos on filtered results
2024-08-26 22:57:43,750 - logger - INFO - Collecting images from filtered results (current result 11)
2024-08-26 22:57:43,891 - logger - INFO - Collecting infos on filtered results
2024-08-26 22:57:43,891 - logger - INFO - Collecting images from filtered results (current result 12)
2024-08-26 22:57:44,033 - logger - INFO - Collecting infos on filtered results
2024-08-26 22:57:44,033 - logger - INFO - Collecting images from filtered results (current result 13)
2024-08-26 22:57:44,168 - logger - INFO - Collecting infos on filtered results
2024-08-26 22:57:44,168 - logger - INFO - Collecting images from filtered results (current result 14)
2024-08-26 22:57:44,321 - logger - INFO - Collecting infos on filtered results
2024-08-26 22:57:44,321 - logger - INFO - Collecting images from filtered results (current result 15)
2024-08-26 22:57:44,461 - logger - INFO - Collecting infos on filtered results
2024-08-26 22:57:44,462 - logger - INFO - Collecting images from filtered results (current result 16)
2024-08-26 22:57:44,607 - logger - INFO - Collecting infos on filtered results
2024-08-26 22:57:44,607 - logger - INFO - Collecting images from filtered results (current result 17)
2024-08-26 22:57:44,762 - logger - INFO - Collecting infos on filtered results
2024-08-26 22:57:44,762 - logger - INFO - Collecting images from filtered results (current result 18)
2024-08-26 22:57:44,894 - logger - INFO - Collecting infos on filtered results
2024-08-26 22:57:44,895 - logger - INFO - Collecting images from filtered results (current result 19)
2024-08-26 22:57:45,041 - logger - INFO - Collecting infos on filtered results
2024-08-26 22:57:45,041 - logger - INFO - Collecting images from filtered results (current result 20)
2024-08-26 22:57:45,186 - logger - INFO - Collecting infos on filtered results
2024-08-26 22:57:45,186 - logger - INFO - Collecting images from filtered results (current result 21)
2024-08-26 22:57:47,624 - logger - INFO - "Last update" field not found for result number 86
2024-08-26 22:57:48,127 - logger - INFO - Data collected, validating payload...
2024-08-26 22:57:48,127 - logger - INFO - Payload validated, exporting to sheet format
2024-08-26 22:57:48,303 - logger - INFO - File exported to "output/" with name 08_26_2024-22h08min_news_data.xlsx
2024-08-27 00:16:46,549 - logger - INFO - Starting WebDriver on mode headless=True
2024-08-27 00:16:48,535 - logger - INFO - Navigating to: https://www.aljazeera.com
2024-08-27 00:17:18,641 - logger - WARNING - Got any response, retrying. Max tries=3, current try=1 
2024-08-27 00:17:18,905 - logger - INFO - Navigating to: https://www.aljazeera.com
2024-08-27 00:17:26,719 - logger - INFO - Bringing all results on page by clicking on 'show more' button
2024-08-27 00:17:28,327 - logger - INFO - Bringing all results on page by clicking on 'show more' button
2024-08-27 00:17:29,927 - logger - INFO - Bringing all results on page by clicking on 'show more' button
2024-08-27 00:17:31,513 - logger - INFO - Bringing all results on page by clicking on 'show more' button
2024-08-27 00:17:33,598 - logger - INFO - Bringing all results on page by clicking on 'show more' button
2024-08-27 00:17:35,189 - logger - INFO - Bringing all results on page by clicking on 'show more' button
2024-08-27 00:17:36,785 - logger - INFO - Bringing all results on page by clicking on 'show more' button
2024-08-27 00:17:38,450 - logger - INFO - Bringing all results on page by clicking on 'show more' button
2024-08-27 00:17:40,580 - logger - INFO - Bringing all results on page by clicking on 'show more' button
2024-08-27 00:17:42,177 - logger - INFO - Bringing all results on page by clicking on 'show more' button
2024-08-27 00:17:52,499 - logger - INFO - All results loaded on page, terminating loop
2024-08-27 00:17:52,500 - logger - INFO - Started scraping
2024-08-27 00:17:52,513 - logger - INFO - News found, collecting data...
2024-08-27 00:17:52,558 - logger - INFO - Value error on creation_date for register number 1, possible relative date
2024-08-27 00:17:52,566 - logger - INFO - "Last update" field not found for result number 1
2024-08-27 00:17:52,566 - logger - INFO - Collecting infos on filtered results
2024-08-27 00:17:52,567 - logger - INFO - Collecting images from filtered results (current result 1)
2024-08-27 00:17:52,726 - logger - INFO - Value error on creation_date for register number 2, possible relative date
2024-08-27 00:17:52,733 - logger - INFO - "Last update" field not found for result number 2
2024-08-27 00:17:52,733 - logger - INFO - Collecting infos on filtered results
2024-08-27 00:17:52,733 - logger - INFO - Collecting images from filtered results (current result 2)
2024-08-27 00:17:52,861 - logger - INFO - Value error on creation_date for register number 3, possible relative date
2024-08-27 00:17:52,897 - logger - INFO - Collecting infos on filtered results
2024-08-27 00:17:52,897 - logger - INFO - Collecting images from filtered results (current result 3)
2024-08-27 00:17:53,029 - logger - INFO - Value error on creation_date for register number 4, possible relative date
2024-08-27 00:17:53,041 - logger - INFO - Collecting infos on filtered results
2024-08-27 00:17:53,042 - logger - INFO - Collecting images from filtered results (current result 4)
2024-08-27 00:17:53,173 - logger - INFO - Value error on creation_date for register number 5, possible relative date
2024-08-27 00:17:53,185 - logger - INFO - Collecting infos on filtered results
2024-08-27 00:17:53,185 - logger - INFO - Collecting images from filtered results (current result 5)
2024-08-27 00:17:53,316 - logger - INFO - Value error on creation_date for register number 6, possible relative date
2024-08-27 00:17:53,327 - logger - INFO - Collecting infos on filtered results
2024-08-27 00:17:53,327 - logger - INFO - Collecting images from filtered results (current result 6)
2024-08-27 00:17:53,472 - logger - INFO - Value error on creation_date for register number 7, possible relative date
2024-08-27 00:17:53,496 - logger - INFO - "Last update" field not found for result number 7
2024-08-27 00:17:53,496 - logger - INFO - Collecting infos on filtered results
2024-08-27 00:17:53,496 - logger - INFO - Collecting images from filtered results (current result 7)
2024-08-27 00:17:53,637 - logger - INFO - Value error on creation_date for register number 8, possible relative date
2024-08-27 00:17:53,650 - logger - INFO - Collecting infos on filtered results
2024-08-27 00:17:53,650 - logger - INFO - Collecting images from filtered results (current result 8)
2024-08-27 00:17:54,046 - logger - INFO - Value error on creation_date for register number 9, possible relative date
2024-08-27 00:17:54,060 - logger - INFO - Collecting infos on filtered results
2024-08-27 00:17:54,060 - logger - INFO - Collecting images from filtered results (current result 9)
2024-08-27 00:17:54,198 - logger - INFO - Value error on creation_date for register number 10, possible relative date
2024-08-27 00:17:54,206 - logger - INFO - "Last update" field not found for result number 10
2024-08-27 00:17:54,206 - logger - INFO - Collecting infos on filtered results
2024-08-27 00:17:54,206 - logger - INFO - Collecting images from filtered results (current result 10)
2024-08-27 00:17:54,343 - logger - INFO - Value error on creation_date for register number 11, possible relative date
2024-08-27 00:17:54,356 - logger - INFO - Collecting infos on filtered results
2024-08-27 00:17:54,356 - logger - INFO - Collecting images from filtered results (current result 11)
2024-08-27 00:17:54,499 - logger - INFO - Value error on creation_date for register number 12, possible relative date
2024-08-27 00:17:54,507 - logger - INFO - "Last update" field not found for result number 12
2024-08-27 00:17:54,507 - logger - INFO - Collecting infos on filtered results
2024-08-27 00:17:54,507 - logger - INFO - Collecting images from filtered results (current result 12)
2024-08-27 00:17:54,653 - logger - INFO - Value error on creation_date for register number 13, possible relative date
2024-08-27 00:17:54,667 - logger - INFO - Collecting infos on filtered results
2024-08-27 00:17:54,668 - logger - INFO - Collecting images from filtered results (current result 13)
2024-08-27 00:17:54,809 - logger - INFO - Value error on creation_date for register number 14, possible relative date
2024-08-27 00:17:54,822 - logger - INFO - Collecting infos on filtered results
2024-08-27 00:17:54,822 - logger - INFO - Collecting images from filtered results (current result 14)
2024-08-27 00:17:54,959 - logger - INFO - Value error on creation_date for register number 15, possible relative date
2024-08-27 00:17:54,972 - logger - INFO - Collecting infos on filtered results
2024-08-27 00:17:54,972 - logger - INFO - Collecting images from filtered results (current result 15)
2024-08-27 00:17:55,111 - logger - INFO - Value error on creation_date for register number 16, possible relative date
2024-08-27 00:17:55,125 - logger - INFO - Collecting infos on filtered results
2024-08-27 00:17:55,125 - logger - INFO - Collecting images from filtered results (current result 16)
2024-08-27 00:17:55,261 - logger - INFO - Value error on creation_date for register number 17, possible relative date
2024-08-27 00:17:55,274 - logger - INFO - Collecting infos on filtered results
2024-08-27 00:17:55,275 - logger - INFO - Collecting images from filtered results (current result 17)
2024-08-27 00:17:55,410 - logger - INFO - Value error on creation_date for register number 18, possible relative date
2024-08-27 00:17:55,423 - logger - INFO - Collecting infos on filtered results
2024-08-27 00:17:55,424 - logger - INFO - Collecting images from filtered results (current result 18)
2024-08-27 00:17:55,558 - logger - INFO - Value error on creation_date for register number 19, possible relative date
2024-08-27 00:17:55,591 - logger - INFO - Collecting infos on filtered results
2024-08-27 00:17:55,591 - logger - INFO - Collecting images from filtered results (current result 19)
2024-08-27 00:17:55,722 - logger - INFO - Value error on creation_date for register number 20, possible relative date
2024-08-27 00:17:55,733 - logger - INFO - Collecting infos on filtered results
2024-08-27 00:17:55,733 - logger - INFO - Collecting images from filtered results (current result 20)
2024-08-27 00:17:55,864 - logger - INFO - Value error on creation_date for register number 21, possible relative date
2024-08-27 00:17:55,877 - logger - INFO - Collecting infos on filtered results
2024-08-27 00:17:55,877 - logger - INFO - Collecting images from filtered results (current result 21)
2024-08-27 00:17:55,999 - logger - INFO - Value error on creation_date for register number 22, possible relative date
2024-08-27 00:17:56,011 - logger - INFO - Collecting infos on filtered results
2024-08-27 00:17:56,011 - logger - INFO - Collecting images from filtered results (current result 22)
2024-08-27 00:17:56,141 - logger - INFO - Value error on creation_date for register number 23, possible relative date
2024-08-27 00:17:56,153 - logger - INFO - Collecting infos on filtered results
2024-08-27 00:17:56,153 - logger - INFO - Collecting images from filtered results (current result 23)
2024-08-27 00:17:56,277 - logger - INFO - Value error on creation_date for register number 24, possible relative date
2024-08-27 00:17:56,288 - logger - INFO - Collecting infos on filtered results
2024-08-27 00:17:56,288 - logger - INFO - Collecting images from filtered results (current result 24)
2024-08-27 00:17:56,422 - logger - INFO - Value error on creation_date for register number 25, possible relative date
2024-08-27 00:17:56,434 - logger - INFO - Collecting infos on filtered results
2024-08-27 00:17:56,434 - logger - INFO - Collecting images from filtered results (current result 25)
2024-08-27 00:17:56,569 - logger - INFO - Value error on creation_date for register number 26, possible relative date
2024-08-27 00:17:56,584 - logger - INFO - Collecting infos on filtered results
2024-08-27 00:17:56,584 - logger - INFO - Collecting images from filtered results (current result 26)
2024-08-27 00:17:56,722 - logger - INFO - Value error on creation_date for register number 27, possible relative date
2024-08-27 00:17:56,735 - logger - INFO - Collecting infos on filtered results
2024-08-27 00:17:56,735 - logger - INFO - Collecting images from filtered results (current result 27)
2024-08-27 00:17:56,869 - logger - INFO - Value error on creation_date for register number 28, possible relative date
2024-08-27 00:17:56,881 - logger - INFO - Collecting infos on filtered results
2024-08-27 00:17:56,881 - logger - INFO - Collecting images from filtered results (current result 28)
2024-08-27 00:17:57,025 - logger - INFO - Collecting infos on filtered results
2024-08-27 00:17:57,025 - logger - INFO - Collecting images from filtered results (current result 29)
2024-08-27 00:17:57,180 - logger - INFO - Collecting infos on filtered results
2024-08-27 00:17:57,180 - logger - INFO - Collecting images from filtered results (current result 30)
2024-08-27 00:17:57,328 - logger - INFO - Collecting infos on filtered results
2024-08-27 00:17:57,328 - logger - INFO - Collecting images from filtered results (current result 31)
2024-08-27 00:17:57,482 - logger - INFO - Collecting infos on filtered results
2024-08-27 00:17:57,482 - logger - INFO - Collecting images from filtered results (current result 32)
2024-08-27 00:17:57,628 - logger - INFO - Collecting infos on filtered results
2024-08-27 00:17:57,628 - logger - INFO - Collecting images from filtered results (current result 33)
2024-08-27 00:17:57,775 - logger - INFO - Collecting infos on filtered results
2024-08-27 00:17:57,775 - logger - INFO - Collecting images from filtered results (current result 34)
2024-08-27 00:17:57,920 - logger - INFO - Collecting infos on filtered results
2024-08-27 00:17:57,920 - logger - INFO - Collecting images from filtered results (current result 35)
2024-08-27 00:17:58,094 - logger - INFO - Collecting infos on filtered results
2024-08-27 00:17:58,094 - logger - INFO - Collecting images from filtered results (current result 36)
2024-08-27 00:17:58,254 - logger - INFO - Collecting infos on filtered results
2024-08-27 00:17:58,254 - logger - INFO - Collecting images from filtered results (current result 37)
2024-08-27 00:17:58,400 - logger - INFO - Collecting infos on filtered results
2024-08-27 00:17:58,400 - logger - INFO - Collecting images from filtered results (current result 38)
2024-08-27 00:17:58,557 - logger - INFO - Collecting infos on filtered results
2024-08-27 00:17:58,557 - logger - INFO - Collecting images from filtered results (current result 39)
2024-08-27 00:17:58,705 - logger - INFO - Collecting infos on filtered results
2024-08-27 00:17:58,705 - logger - INFO - Collecting images from filtered results (current result 40)
2024-08-27 00:17:58,856 - logger - INFO - Collecting infos on filtered results
2024-08-27 00:17:58,856 - logger - INFO - Collecting images from filtered results (current result 41)
2024-08-27 00:18:01,812 - logger - INFO - Data collected, validating payload...
2024-08-27 00:18:01,812 - logger - INFO - Payload validated, exporting to sheet format
2024-08-27 00:18:02,020 - logger - INFO - File exported to "output/" with name 08_27_2024-00h08min_news_data.xlsx
